INFO 2019-04-06 22:19:34,426 -0	name	10	[0, 0]
INFO 2019-04-06 22:19:34,427 -162	name	10	[0, 0]
INFO 2019-04-06 22:19:34,427 -162	name	10	[0, 0]
INFO 2019-04-06 22:19:34,427 -162	l	10	[0, 0]
INFO 2019-04-06 22:19:34,544 -162	l	10	[0, 0]
INFO 2019-04-06 22:19:35,749 -162	l	10	[0, 0]
INFO 2019-04-06 22:19:35,749 -162	l	10	[0, 0]
INFO 2019-04-06 22:19:35,749 -162	l	10	[0, 0]
INFO 2019-04-06 22:19:35,750 -162	l	10	[0, 0]
INFO 2019-04-06 22:19:35,750 -162	l	10	[0, 0]
INFO 2019-04-06 22:19:45,781 -162	l	10	[0, 0]
INFO 2019-04-06 22:20:47,313 -0	name	10	[0, 0]
INFO 2019-04-06 22:20:47,313 -162	name	10	[0, 0]
INFO 2019-04-06 22:20:47,313 -162	name	10	[0, 0]
INFO 2019-04-06 22:20:47,314 -162	sdf	10	[0, 0]
INFO 2019-04-06 22:20:47,439 -162	sdf	10	[0, 0]
INFO 2019-04-06 22:20:50,435 -162	sdf	10	[0, 0]
INFO 2019-04-06 22:20:50,435 -162	sdf	10	[0, 0]
INFO 2019-04-06 22:20:50,436 -162	sdf	10	[0, 0]
INFO 2019-04-06 22:20:50,437 -162	sdf	10	[0, 0]
INFO 2019-04-06 22:20:50,437 -162	sdf	10	[0, 0]
ERROR 2019-04-06 22:21:00,447 -<built-in method with_traceback of timeout object at 0x7f9b46ba19d8>
INFO 2019-04-06 22:21:00,448 -162	sdf	10	[0, 0]
INFO 2019-04-06 22:21:00,449 -162	sdf	10	[0, 0]
INFO 2019-04-06 22:25:12,364 -0	name	10	[0, 0]
INFO 2019-04-06 22:25:12,365 -162	name	10	[0, 0]
INFO 2019-04-06 22:25:12,365 -162	name	10	[0, 0]
INFO 2019-04-06 22:25:12,365 -162	lkj	10	[0, 0]
INFO 2019-04-06 22:25:12,502 -162	lkj	10	[0, 0]
INFO 2019-04-06 22:25:13,556 -162	lkj	10	[0, 0]
INFO 2019-04-06 22:25:13,556 -162	lkj	10	[0, 0]
INFO 2019-04-06 22:25:13,556 -162	lkj	10	[0, 0]
INFO 2019-04-06 22:25:13,557 -162	lkj	10	[0, 0]
INFO 2019-04-06 22:25:13,557 -162	lkj	10	[0, 0]
ERROR 2019-04-06 22:25:23,568 -<built-in method with_traceback of timeout object at 0x7f3b8be4f9d8>
INFO 2019-04-06 22:25:23,568 -162	lkj	10	[0, 0]
INFO 2019-04-06 22:25:23,569 -162	lkj	10	[0, 0]
INFO 2019-04-06 22:25:27,359 -162	lkj	10	[0, 0]
INFO 2019-04-06 22:25:27,359 -162	lkj	10	[0, 0]
INFO 2019-04-06 22:25:27,359 -162	lkj	10	[0, 0]
INFO 2019-04-06 22:25:27,360 -162	lkj	10	[0, 0]
INFO 2019-04-06 22:25:27,360 -162	lkj	10	[0, 0]
INFO 2019-04-06 22:25:29,915 -162	lkj	10	[0, 0]
INFO 2019-04-06 22:25:29,916 -162	lkj	10	[0, 0]
INFO 2019-04-06 22:25:29,917 -162	lkj	10	[0, 0]
INFO 2019-04-06 22:25:32,538 -162	lkj	10	[0, 0]
INFO 2019-04-06 22:25:32,539 -162	lkj	10	[0, 0]
INFO 2019-04-06 22:25:32,539 -162	lkj	10	[0, 0]
INFO 2019-04-06 22:25:32,539 -162	lkj	10	[0, 0]
INFO 2019-04-06 22:25:32,572 -162	lkj	10	[0, 0]
INFO 2019-04-06 22:25:32,912 -162	lkj	10	[0, 0]
INFO 2019-04-06 22:25:32,916 -162	lkj	10	[0, 0]
INFO 2019-04-06 22:25:33,573 -162	lkj	10	[0, 0]
INFO 2019-04-06 22:25:34,575 -162	lkj	10	[0, 0]
INFO 2019-04-06 22:25:34,590 -162	lkj	10	[0, 0]
INFO 2019-04-06 22:25:34,590 -162	lkj	10	[0, 0]
INFO 2019-04-06 22:25:34,590 -162	lkj	10	[0, 0]
INFO 2019-04-06 22:25:34,590 -162	lkj	10	[0, 0]
INFO 2019-04-06 22:25:34,691 -162	lkj	10	[0, 0]
INFO 2019-04-06 22:25:34,791 -162	lkj	10	[0, 0]
INFO 2019-04-06 22:25:34,791 -162	lkj	10	[0, 0]
INFO 2019-04-06 22:25:34,892 -162	lkj	10	[0, 0]
INFO 2019-04-06 22:25:34,985 -162	lkj	10	[0, 0]
INFO 2019-04-06 22:25:34,992 -162	lkj	10	[0, 0]
INFO 2019-04-06 22:25:35,087 -162	lkj	10	[0, 0]
INFO 2019-04-06 22:25:35,093 -162	lkj	10	[0, 0]
INFO 2019-04-06 22:25:35,189 -162	lkj	10	[0, 0]
INFO 2019-04-06 22:25:35,193 -162	lkj	10	[0, 0]
INFO 2019-04-06 22:25:35,291 -162	lkj	10	[0, 0]
INFO 2019-04-06 22:25:35,294 -162	lkj	10	[0, 0]
INFO 2019-04-06 22:25:35,394 -162	lkj	10	[0, 0]
INFO 2019-04-06 22:25:35,395 -162	lkj	10	[0, 0]
INFO 2019-04-06 22:25:35,496 -162	lkj	10	[0, 0]
INFO 2019-04-06 22:25:35,596 -162	lkj	10	[0, 0]
INFO 2019-04-06 22:25:35,597 -162	lkj	10	[0, 0]
INFO 2019-04-06 22:25:35,698 -162	lkj	10	[0, 0]
INFO 2019-04-06 22:25:35,698 -162	lkj	10	[0, 0]
INFO 2019-04-06 22:25:35,799 -162	lkj	10	[0, 0]
INFO 2019-04-06 22:25:35,800 -162	lkj	10	[0, 0]
INFO 2019-04-06 22:25:35,899 -162	lkj	10	[0, 0]
INFO 2019-04-06 22:25:35,902 -162	lkj	10	[0, 0]
INFO 2019-04-06 22:25:36,000 -162	lkj	10	[0, 0]
INFO 2019-04-06 22:25:36,004 -162	lkj	10	[0, 0]
INFO 2019-04-06 22:25:36,101 -162	lkj	10	[0, 0]
INFO 2019-04-06 22:25:36,106 -162	lkj	10	[0, 0]
INFO 2019-04-06 22:25:36,202 -162	lkj	10	[0, 0]
INFO 2019-04-06 22:25:36,208 -162	lkj	10	[0, 0]
INFO 2019-04-06 22:25:36,302 -162	lkj	10	[0, 0]
INFO 2019-04-06 22:25:36,310 -162	lkj	10	[0, 0]
INFO 2019-04-06 22:25:36,403 -162	lkj	10	[0, 0]
INFO 2019-04-06 22:25:36,411 -162	lkj	10	[0, 0]
INFO 2019-04-06 22:25:36,505 -162	lkj	10	[0, 0]
INFO 2019-04-06 22:25:36,513 -162	lkj	10	[0, 0]
INFO 2019-04-06 22:25:36,605 -162	lkj	10	[0, 0]
INFO 2019-04-06 22:25:36,662 -162	lkj	10	[0, 0]
INFO 2019-04-06 22:25:36,706 -162	lkj	10	[0, 0]
INFO 2019-04-06 22:25:36,807 -162	lkj	10	[0, 0]
INFO 2019-04-06 22:25:36,819 -162	lkj	10	[0, 0]
INFO 2019-04-06 22:25:36,908 -162	lkj	10	[0, 0]
INFO 2019-04-06 22:25:36,921 -162	lkj	10	[0, 0]
INFO 2019-04-06 22:25:37,009 -162	lkj	10	[0, 0]
INFO 2019-04-06 22:25:37,023 -162	lkj	10	[0, 0]
INFO 2019-04-06 22:25:37,110 -162	lkj	10	[0, 0]
INFO 2019-04-06 22:25:37,125 -162	lkj	10	[0, 0]
INFO 2019-04-06 22:25:37,211 -162	lkj	10	[0, 0]
INFO 2019-04-06 22:25:37,227 -162	lkj	10	[0, 0]
INFO 2019-04-06 22:25:37,311 -162	lkj	10	[0, 0]
INFO 2019-04-06 22:25:37,330 -162	lkj	10	[0, 0]
INFO 2019-04-06 22:25:37,412 -162	lkj	10	[0, 0]
INFO 2019-04-06 22:25:37,432 -162	lkj	10	[0, 0]
INFO 2019-04-06 22:25:37,513 -162	lkj	10	[0, 0]
INFO 2019-04-06 22:25:37,534 -162	lkj	10	[0, 0]
INFO 2019-04-06 22:25:37,613 -162	lkj	10	[0, 0]
INFO 2019-04-06 22:25:37,636 -162	lkj	10	[0, 0]
INFO 2019-04-06 22:25:37,714 -162	lkj	10	[0, 0]
INFO 2019-04-06 22:25:37,738 -162	lkj	10	[0, 0]
INFO 2019-04-06 22:25:37,815 -162	lkj	10	[0, 0]
INFO 2019-04-06 22:25:37,839 -162	lkj	10	[0, 0]
INFO 2019-04-06 22:25:37,915 -162	lkj	10	[0, 0]
INFO 2019-04-06 22:25:37,942 -162	lkj	10	[0, 0]
INFO 2019-04-06 22:25:38,016 -162	lkj	10	[0, 0]
INFO 2019-04-06 22:25:38,043 -162	lkj	10	[0, 0]
INFO 2019-04-06 22:25:38,117 -162	lkj	10	[0, 0]
INFO 2019-04-06 22:25:38,147 -162	lkj	10	[0, 0]
INFO 2019-04-06 22:25:38,218 -162	lkj	10	[0, 0]
INFO 2019-04-06 22:25:38,249 -162	lkj	10	[0, 0]
INFO 2019-04-06 22:25:38,281 -162	lkj	10	[532, 410]
INFO 2019-04-06 22:25:38,282 -162	lkj	10	[532, 410]
INFO 2019-04-06 22:25:38,319 -162	lkj	10	[532, 410]
INFO 2019-04-06 22:25:38,350 -162	lkj	10	[532, 410]
INFO 2019-04-06 22:25:38,420 -162	lkj	10	[532, 410]
INFO 2019-04-06 22:25:38,457 -162	lkj	10	[532, 410]
INFO 2019-04-06 22:25:38,521 -162	lkj	10	[532, 410]
INFO 2019-04-06 22:25:38,622 -162	lkj	10	[532, 410]
INFO 2019-04-06 22:25:38,623 -162	lkj	10	[532, 420]
INFO 2019-04-06 22:25:38,623 -162	lkj	10	[532, 420]
INFO 2019-04-06 22:25:38,655 -162	lkj	10	[532, 420]
INFO 2019-04-06 22:25:38,722 -162	lkj	10	[532, 420]
INFO 2019-04-06 22:25:38,756 -162	lkj	10	[532, 420]
INFO 2019-04-06 22:25:38,823 -162	lkj	10	[532, 420]
INFO 2019-04-06 22:25:38,858 -162	lkj	10	[532, 420]
INFO 2019-04-06 22:25:38,924 -162	lkj	10	[532, 420]
INFO 2019-04-06 22:25:38,959 -162	lkj	10	[532, 420]
INFO 2019-04-06 22:25:39,025 -162	lkj	10	[532, 420]
INFO 2019-04-06 22:25:39,061 -162	lkj	10	[532, 420]
INFO 2019-04-06 22:25:39,126 -162	lkj	10	[532, 420]
INFO 2019-04-06 22:25:39,164 -162	lkj	10	[532, 420]
INFO 2019-04-06 22:25:39,202 -162	lkj	10	[532, 410]
INFO 2019-04-06 22:25:39,203 -162	lkj	10	[532, 410]
INFO 2019-04-06 22:25:39,227 -162	lkj	10	[532, 410]
INFO 2019-04-06 22:25:39,266 -162	lkj	10	[532, 410]
INFO 2019-04-06 22:25:39,327 -162	lkj	10	[532, 410]
INFO 2019-04-06 22:25:39,368 -162	lkj	10	[532, 410]
INFO 2019-04-06 22:25:39,428 -162	lkj	10	[532, 410]
INFO 2019-04-06 22:25:39,470 -162	lkj	10	[532, 410]
INFO 2019-04-06 22:25:39,529 -162	lkj	10	[532, 410]
INFO 2019-04-06 22:25:39,572 -162	lkj	10	[532, 410]
INFO 2019-04-06 22:25:39,630 -162	lkj	10	[532, 410]
INFO 2019-04-06 22:25:39,674 -162	lkj	10	[532, 410]
INFO 2019-04-06 22:25:39,702 -162	lkj	10	[532, 400]
INFO 2019-04-06 22:25:39,702 -162	lkj	10	[532, 400]
INFO 2019-04-06 22:25:39,730 -162	lkj	10	[532, 400]
INFO 2019-04-06 22:25:39,731 -162	lkj	10	[532, 390]
INFO 2019-04-06 22:25:39,732 -162	lkj	10	[532, 390]
INFO 2019-04-06 22:25:39,762 -162	lkj	10	[532, 380]
INFO 2019-04-06 22:25:39,763 -162	lkj	10	[532, 380]
INFO 2019-04-06 22:25:39,776 -162	lkj	10	[532, 380]
INFO 2019-04-06 22:25:39,793 -162	lkj	10	[532, 370]
INFO 2019-04-06 22:25:39,793 -162	lkj	10	[532, 370]
INFO 2019-04-06 22:25:39,823 -162	lkj	10	[532, 360]
INFO 2019-04-06 22:25:39,824 -162	lkj	10	[532, 360]
INFO 2019-04-06 22:25:39,831 -162	lkj	10	[532, 360]
INFO 2019-04-06 22:25:39,853 -162	lkj	10	[532, 350]
INFO 2019-04-06 22:25:39,854 -162	lkj	10	[532, 350]
INFO 2019-04-06 22:25:39,884 -162	lkj	10	[532, 340]
INFO 2019-04-06 22:25:39,884 -162	lkj	10	[532, 340]
INFO 2019-04-06 22:25:39,914 -162	lkj	10	[532, 330]
INFO 2019-04-06 22:25:39,914 -162	lkj	10	[532, 330]
INFO 2019-04-06 22:25:39,931 -162	lkj	10	[532, 330]
INFO 2019-04-06 22:25:39,944 -162	lkj	10	[532, 320]
INFO 2019-04-06 22:25:39,945 -162	lkj	10	[532, 320]
INFO 2019-04-06 22:25:39,975 -162	lkj	10	[532, 310]
INFO 2019-04-06 22:25:39,975 -162	lkj	10	[532, 310]
INFO 2019-04-06 22:25:39,978 -162	lkj	10	[532, 310]
INFO 2019-04-06 22:25:40,005 -162	lkj	10	[532, 300]
INFO 2019-04-06 22:25:40,005 -162	lkj	10	[532, 300]
INFO 2019-04-06 22:25:40,032 -162	lkj	10	[532, 300]
INFO 2019-04-06 22:25:40,036 -162	lkj	10	[532, 290]
INFO 2019-04-06 22:25:40,036 -162	lkj	10	[532, 290]
INFO 2019-04-06 22:25:40,066 -162	lkj	10	[532, 280]
INFO 2019-04-06 22:25:40,067 -162	lkj	10	[532, 280]
INFO 2019-04-06 22:25:40,081 -162	lkj	10	[532, 280]
INFO 2019-04-06 22:25:40,097 -162	lkj	10	[532, 270]
INFO 2019-04-06 22:25:40,098 -162	lkj	10	[532, 270]
INFO 2019-04-06 22:25:40,128 -162	lkj	10	[532, 260]
INFO 2019-04-06 22:25:40,128 -162	lkj	10	[532, 260]
INFO 2019-04-06 22:25:40,133 -162	lkj	10	[532, 260]
INFO 2019-04-06 22:25:40,158 -162	lkj	10	[532, 250]
INFO 2019-04-06 22:25:40,158 -162	lkj	10	[532, 250]
INFO 2019-04-06 22:25:40,182 -162	lkj	10	[532, 250]
INFO 2019-04-06 22:25:40,190 -162	lkj	10	[532, 240]
INFO 2019-04-06 22:25:40,190 -162	lkj	10	[532, 240]
INFO 2019-04-06 22:25:40,222 -162	lkj	10	[532, 230]
INFO 2019-04-06 22:25:40,222 -162	lkj	10	[532, 230]
INFO 2019-04-06 22:25:40,233 -162	lkj	10	[532, 230]
INFO 2019-04-06 22:25:40,253 -162	lkj	10	[532, 220]
INFO 2019-04-06 22:25:40,254 -162	lkj	10	[532, 220]
INFO 2019-04-06 22:25:40,284 -162	lkj	10	[532, 210]
INFO 2019-04-06 22:25:40,285 -162	lkj	10	[532, 210]
INFO 2019-04-06 22:25:40,285 -162	lkj	10	[532, 210]
INFO 2019-04-06 22:25:40,331 -162	lkj	10	[522, 210]
INFO 2019-04-06 22:25:40,332 -162	lkj	10	[522, 210]
INFO 2019-04-06 22:25:40,334 -162	lkj	10	[522, 210]
INFO 2019-04-06 22:25:40,386 -162	lkj	10	[522, 210]
INFO 2019-04-06 22:25:40,435 -162	lkj	10	[522, 210]
INFO 2019-04-06 22:25:40,488 -162	lkj	10	[522, 210]
INFO 2019-04-06 22:25:40,535 -162	lkj	10	[522, 210]
INFO 2019-04-06 22:25:40,589 -162	lkj	10	[522, 210]
INFO 2019-04-06 22:25:40,636 -162	lkj	10	[522, 210]
INFO 2019-04-06 22:25:40,694 -162	lkj	10	[522, 200]
INFO 2019-04-06 22:25:40,694 -162	lkj	10	[522, 200]
INFO 2019-04-06 22:25:40,695 -162	lkj	10	[522, 200]
INFO 2019-04-06 22:25:40,737 -162	lkj	10	[522, 200]
INFO 2019-04-06 22:25:40,821 -162	lkj	10	[522, 200]
INFO 2019-04-06 22:25:40,838 -162	lkj	10	[522, 200]
INFO 2019-04-06 22:25:40,939 -162	lkj	10	[522, 200]
INFO 2019-04-06 22:25:41,000 -162	lkj	10	[522, 200]
INFO 2019-04-06 22:25:41,039 -162	lkj	10	[522, 200]
INFO 2019-04-06 22:25:41,048 -162	lkj	368	[532, 200]
INFO 2019-04-06 22:25:41,049 -162	lkj	368	[532, 200]
INFO 2019-04-06 22:25:41,140 -162	lkj	368	[532, 200]
INFO 2019-04-06 22:25:41,200 -162	lkj	368	[532, 200]
INFO 2019-04-06 22:25:41,241 -162	lkj	368	[532, 200]
INFO 2019-04-06 22:25:41,302 -162	lkj	368	[532, 200]
INFO 2019-04-06 22:25:41,337 -162	lkj	368	[522, 200]
INFO 2019-04-06 22:25:41,337 -162	lkj	368	[522, 200]
INFO 2019-04-06 22:25:41,342 -162	lkj	368	[522, 200]
INFO 2019-04-06 22:25:41,407 -162	lkj	368	[522, 200]
INFO 2019-04-06 22:25:41,443 -162	lkj	368	[522, 200]
INFO 2019-04-06 22:25:41,543 -162	lkj	368	[522, 200]
INFO 2019-04-06 22:25:41,608 -162	lkj	368	[522, 200]
INFO 2019-04-06 22:25:41,644 -162	lkj	368	[522, 200]
INFO 2019-04-06 22:25:41,710 -162	lkj	368	[522, 200]
INFO 2019-04-06 22:25:41,745 -162	lkj	368	[522, 200]
INFO 2019-04-06 22:25:41,811 -162	lkj	368	[522, 200]
INFO 2019-04-06 22:25:41,837 -162	lkj	368	[512, 200]
INFO 2019-04-06 22:25:41,837 -162	lkj	368	[512, 200]
INFO 2019-04-06 22:25:41,846 -162	lkj	368	[512, 200]
INFO 2019-04-06 22:25:41,866 -162	lkj	368	[502, 200]
INFO 2019-04-06 22:25:41,866 -162	lkj	368	[502, 200]
INFO 2019-04-06 22:25:41,897 -162	lkj	368	[492, 200]
INFO 2019-04-06 22:25:41,897 -162	lkj	368	[492, 200]
INFO 2019-04-06 22:25:41,927 -162	lkj	368	[482, 200]
INFO 2019-04-06 22:25:41,927 -162	lkj	368	[482, 200]
INFO 2019-04-06 22:25:41,946 -162	lkj	368	[482, 200]
INFO 2019-04-06 22:25:41,957 -162	lkj	368	[472, 200]
INFO 2019-04-06 22:25:41,957 -162	lkj	368	[472, 200]
INFO 2019-04-06 22:25:41,987 -162	lkj	368	[462, 200]
INFO 2019-04-06 22:25:41,988 -162	lkj	368	[462, 200]
INFO 2019-04-06 22:25:42,014 -162	lkj	368	[462, 200]
INFO 2019-04-06 22:25:42,018 -162	lkj	368	[452, 200]
INFO 2019-04-06 22:25:42,018 -162	lkj	368	[452, 200]
INFO 2019-04-06 22:25:42,047 -162	lkj	368	[452, 200]
INFO 2019-04-06 22:25:42,049 -162	lkj	368	[442, 200]
INFO 2019-04-06 22:25:42,049 -162	lkj	368	[442, 200]
INFO 2019-04-06 22:25:42,079 -162	lkj	368	[432, 200]
INFO 2019-04-06 22:25:42,080 -162	lkj	368	[432, 200]
INFO 2019-04-06 22:25:42,109 -162	lkj	368	[422, 200]
INFO 2019-04-06 22:25:42,109 -162	lkj	368	[422, 200]
INFO 2019-04-06 22:25:42,116 -162	lkj	368	[422, 200]
INFO 2019-04-06 22:25:42,140 -162	lkj	368	[412, 200]
INFO 2019-04-06 22:25:42,140 -162	lkj	368	[412, 200]
INFO 2019-04-06 22:25:42,148 -162	lkj	368	[412, 200]
INFO 2019-04-06 22:25:42,170 -162	lkj	368	[402, 200]
INFO 2019-04-06 22:25:42,170 -162	lkj	368	[402, 200]
INFO 2019-04-06 22:25:42,201 -162	lkj	368	[392, 200]
INFO 2019-04-06 22:25:42,201 -162	lkj	368	[392, 200]
INFO 2019-04-06 22:25:42,218 -162	lkj	368	[392, 200]
INFO 2019-04-06 22:25:42,232 -162	lkj	368	[382, 200]
INFO 2019-04-06 22:25:42,232 -162	lkj	368	[382, 200]
INFO 2019-04-06 22:25:42,249 -162	lkj	368	[382, 200]
INFO 2019-04-06 22:25:42,262 -162	lkj	368	[372, 200]
INFO 2019-04-06 22:25:42,262 -162	lkj	368	[372, 200]
INFO 2019-04-06 22:25:42,292 -162	lkj	368	[362, 200]
INFO 2019-04-06 22:25:42,293 -162	lkj	368	[362, 200]
INFO 2019-04-06 22:25:42,323 -162	lkj	368	[352, 200]
INFO 2019-04-06 22:25:42,323 -162	lkj	368	[352, 200]
INFO 2019-04-06 22:25:42,350 -162	lkj	368	[352, 200]
INFO 2019-04-06 22:25:42,353 -162	lkj	368	[342, 200]
INFO 2019-04-06 22:25:42,354 -162	lkj	368	[342, 200]
INFO 2019-04-06 22:25:42,385 -162	lkj	368	[332, 200]
INFO 2019-04-06 22:25:42,385 -162	lkj	368	[332, 200]
INFO 2019-04-06 22:25:42,415 -162	lkj	368	[322, 200]
INFO 2019-04-06 22:25:42,416 -162	lkj	368	[322, 200]
INFO 2019-04-06 22:25:42,420 -162	lkj	368	[322, 200]
INFO 2019-04-06 22:25:42,446 -162	lkj	368	[312, 200]
INFO 2019-04-06 22:25:42,447 -162	lkj	368	[312, 200]
INFO 2019-04-06 22:25:42,451 -162	lkj	368	[312, 200]
INFO 2019-04-06 22:25:42,477 -162	lkj	368	[302, 200]
INFO 2019-04-06 22:25:42,477 -162	lkj	368	[302, 200]
INFO 2019-04-06 22:25:42,551 -162	lkj	368	[302, 200]
INFO 2019-04-06 22:25:42,622 -162	lkj	368	[302, 200]
INFO 2019-04-06 22:25:42,652 -162	lkj	368	[302, 200]
INFO 2019-04-06 22:25:42,723 -162	lkj	368	[302, 200]
INFO 2019-04-06 22:25:42,753 -162	lkj	368	[302, 200]
INFO 2019-04-06 22:25:42,824 -162	lkj	368	[302, 200]
INFO 2019-04-06 22:25:42,828 -162	lkj	368	[292, 200]
INFO 2019-04-06 22:25:42,828 -162	lkj	368	[292, 200]
INFO 2019-04-06 22:25:42,854 -162	lkj	368	[292, 200]
INFO 2019-04-06 22:25:42,955 -162	lkj	368	[292, 200]
INFO 2019-04-06 22:25:42,967 -162	lkj	368	[292, 200]
INFO 2019-04-06 22:25:43,005 -162	lkj	368	[282, 200]
INFO 2019-04-06 22:25:43,005 -162	lkj	368	[282, 200]
INFO 2019-04-06 22:25:43,056 -162	lkj	368	[282, 200]
INFO 2019-04-06 22:25:43,129 -162	lkj	368	[282, 200]
INFO 2019-04-06 22:25:43,157 -162	lkj	368	[282, 200]
INFO 2019-04-06 22:25:43,191 -162	lkj	351	[272, 200]
INFO 2019-04-06 22:25:43,191 -162	lkj	351	[272, 200]
INFO 2019-04-06 22:25:43,232 -162	lkj	351	[272, 200]
INFO 2019-04-06 22:25:43,241 -162	lkj	351	[272, 200]
INFO 2019-04-06 22:25:43,257 -162	lkj	351	[272, 200]
INFO 2019-04-06 22:25:43,334 -162	lkj	351	[272, 200]
INFO 2019-04-06 22:25:43,358 -162	lkj	351	[272, 200]
INFO 2019-04-06 22:25:43,436 -162	lkj	351	[272, 200]
INFO 2019-04-06 22:25:43,458 -162	lkj	351	[272, 200]
INFO 2019-04-06 22:25:43,537 -162	lkj	351	[272, 200]
INFO 2019-04-06 22:25:43,559 -162	lkj	351	[272, 200]
INFO 2019-04-06 22:25:43,640 -162	lkj	351	[272, 200]
INFO 2019-04-06 22:25:43,659 -162	lkj	351	[272, 200]
INFO 2019-04-06 22:25:43,741 -162	lkj	351	[272, 200]
INFO 2019-04-06 22:25:43,760 -162	lkj	351	[272, 200]
INFO 2019-04-06 22:25:43,843 -162	lkj	351	[272, 200]
INFO 2019-04-06 22:25:43,861 -162	lkj	351	[272, 200]
INFO 2019-04-06 22:25:43,961 -162	lkj	351	[272, 200]
INFO 2019-04-06 22:25:44,022 -162	lkj	351	[272, 200]
INFO 2019-04-06 22:25:44,071 -162	lkj	351	[272, 200]
INFO 2019-04-06 22:25:44,149 -162	lkj	351	[272, 200]
INFO 2019-04-06 22:25:44,171 -162	lkj	351	[272, 200]
INFO 2019-04-06 22:25:44,246 -162	lkj	351	[272, 200]
INFO 2019-04-06 22:25:44,251 -162	lkj	351	[272, 200]
INFO 2019-04-06 22:25:44,272 -162	lkj	351	[272, 200]
INFO 2019-04-06 22:25:44,354 -162	lkj	351	[272, 200]
INFO 2019-04-06 22:25:44,373 -162	lkj	351	[272, 200]
INFO 2019-04-06 22:25:44,456 -162	lkj	351	[272, 200]
INFO 2019-04-06 22:25:44,474 -162	lkj	351	[272, 200]
INFO 2019-04-06 22:25:44,575 -162	lkj	351	[272, 200]
INFO 2019-04-06 22:25:44,600 -162	lkj	351	[272, 200]
INFO 2019-04-06 22:25:44,676 -162	lkj	351	[272, 200]
INFO 2019-04-06 22:25:44,761 -162	lkj	351	[272, 200]
INFO 2019-04-06 22:25:44,776 -162	lkj	351	[272, 200]
INFO 2019-04-06 22:25:44,877 -162	lkj	351	[272, 200]
INFO 2019-04-06 22:25:44,927 -162	lkj	351	[272, 200]
INFO 2019-04-06 22:25:44,978 -162	lkj	351	[272, 200]
INFO 2019-04-06 22:25:45,065 -162	lkj	351	[272, 200]
INFO 2019-04-06 22:25:45,078 -162	lkj	351	[272, 200]
INFO 2019-04-06 22:25:45,166 -162	lkj	351	[272, 200]
INFO 2019-04-06 22:25:45,179 -162	lkj	351	[272, 200]
INFO 2019-04-06 22:25:45,246 -162	lkj	351	[272, 200]
INFO 2019-04-06 22:25:45,267 -162	lkj	351	[272, 200]
INFO 2019-04-06 22:25:45,280 -162	lkj	351	[272, 200]
INFO 2019-04-06 22:25:45,368 -162	lkj	351	[272, 200]
INFO 2019-04-06 22:25:45,381 -162	lkj	351	[272, 200]
INFO 2019-04-06 22:25:45,481 -162	lkj	351	[272, 200]
INFO 2019-04-06 22:25:45,511 -162	lkj	351	[272, 200]
INFO 2019-04-06 22:25:45,582 -162	lkj	351	[272, 200]
INFO 2019-04-06 22:25:45,671 -162	lkj	351	[272, 200]
INFO 2019-04-06 22:25:45,682 -162	lkj	351	[272, 200]
INFO 2019-04-06 22:25:45,783 -162	lkj	351	[272, 200]
INFO 2019-04-06 22:25:45,849 -162	lkj	351	[272, 200]
INFO 2019-04-06 22:25:45,883 -162	lkj	351	[272, 200]
INFO 2019-04-06 22:25:45,974 -162	lkj	351	[272, 200]
INFO 2019-04-06 22:25:45,984 -162	lkj	351	[272, 200]
INFO 2019-04-06 22:25:46,085 -162	lkj	351	[272, 200]
INFO 2019-04-06 22:25:46,185 -162	lkj	351	[272, 200]
INFO 2019-04-06 22:25:46,186 -162	lkj	351	[272, 200]
INFO 2019-04-06 22:25:46,247 -162	lkj	351	[272, 200]
INFO 2019-04-06 22:25:46,286 -162	lkj	351	[272, 200]
INFO 2019-04-06 22:25:46,382 -162	lkj	351	[272, 200]
INFO 2019-04-06 22:25:46,387 -162	lkj	351	[272, 200]
INFO 2019-04-06 22:25:46,483 -162	lkj	351	[272, 200]
INFO 2019-04-06 22:25:46,488 -162	lkj	351	[272, 200]
INFO 2019-04-06 22:25:46,589 -162	lkj	351	[272, 200]
INFO 2019-04-06 22:25:46,690 -162	lkj	351	[272, 200]
INFO 2019-04-06 22:25:46,721 -162	lkj	351	[272, 200]
INFO 2019-04-06 22:25:46,790 -162	lkj	351	[272, 200]
INFO 2019-04-06 22:25:46,891 -162	lkj	351	[272, 200]
INFO 2019-04-06 22:25:46,892 -162	lkj	351	[272, 200]
INFO 2019-04-06 22:25:46,993 -162	lkj	351	[272, 200]
INFO 2019-04-06 22:25:47,094 -162	lkj	351	[272, 200]
INFO 2019-04-06 22:25:47,107 -162	lkj	351	[272, 200]
INFO 2019-04-06 22:25:47,195 -162	lkj	351	[272, 200]
INFO 2019-04-06 22:25:47,248 -162	lkj	351	[272, 200]
INFO 2019-04-06 22:25:47,296 -162	lkj	351	[272, 200]
INFO 2019-04-06 22:25:47,300 -162	lkj	351	[272, 200]
INFO 2019-04-06 22:25:47,396 -162	lkj	351	[272, 200]
INFO 2019-04-06 22:25:47,485 -162	lkj	351	[272, 200]
INFO 2019-04-06 22:25:47,497 -162	lkj	351	[272, 200]
INFO 2019-04-06 22:25:47,598 -162	lkj	351	[272, 200]
INFO 2019-04-06 22:25:47,614 -162	lkj	351	[272, 200]
INFO 2019-04-06 22:25:47,698 -162	lkj	351	[272, 200]
INFO 2019-04-06 22:25:47,799 -162	lkj	351	[272, 200]
INFO 2019-04-06 22:25:47,821 -162	lkj	351	[272, 200]
INFO 2019-04-06 22:25:47,900 -162	lkj	351	[272, 200]
INFO 2019-04-06 22:25:48,001 -162	lkj	351	[272, 200]
INFO 2019-04-06 22:25:48,012 -162	lkj	351	[272, 200]
INFO 2019-04-06 22:25:48,102 -162	lkj	351	[272, 200]
INFO 2019-04-06 22:25:48,202 -162	lkj	351	[272, 200]
INFO 2019-04-06 22:25:48,205 -162	lkj	351	[272, 200]
INFO 2019-04-06 22:25:48,248 -162	lkj	351	[272, 200]
INFO 2019-04-06 22:25:48,304 -162	lkj	351	[272, 200]
INFO 2019-04-06 22:25:48,317 -162	lkj	351	[272, 200]
INFO 2019-04-06 22:25:48,405 -162	lkj	351	[272, 200]
INFO 2019-04-06 22:25:48,506 -162	lkj	351	[272, 200]
INFO 2019-04-06 22:25:48,541 -162	lkj	351	[272, 200]
INFO 2019-04-06 22:25:48,607 -162	lkj	351	[272, 200]
INFO 2019-04-06 22:25:48,708 -162	lkj	351	[272, 200]
INFO 2019-04-06 22:25:48,724 -162	lkj	351	[272, 200]
INFO 2019-04-06 22:25:48,808 -162	lkj	351	[272, 200]
INFO 2019-04-06 22:25:48,867 -162	lkj	351	[272, 200]
INFO 2019-04-06 22:25:48,909 -162	lkj	351	[272, 200]
INFO 2019-04-06 22:25:49,010 -162	lkj	351	[272, 200]
INFO 2019-04-06 22:25:49,029 -162	lkj	351	[272, 200]
INFO 2019-04-06 22:25:49,110 -162	lkj	351	[272, 200]
INFO 2019-04-06 22:25:49,130 -162	lkj	351	[272, 200]
INFO 2019-04-06 22:25:49,211 -162	lkj	351	[272, 200]
INFO 2019-04-06 22:25:49,232 -162	lkj	351	[272, 200]
INFO 2019-04-06 22:25:49,249 -162	lkj	351	[272, 200]
INFO 2019-04-06 22:25:49,312 -162	lkj	351	[272, 200]
INFO 2019-04-06 22:25:49,334 -162	lkj	351	[272, 200]
INFO 2019-04-06 22:25:49,413 -162	lkj	351	[272, 200]
INFO 2019-04-06 22:25:49,436 -162	lkj	351	[272, 200]
INFO 2019-04-06 22:25:49,514 -162	lkj	351	[272, 200]
INFO 2019-04-06 22:25:49,538 -162	lkj	351	[272, 200]
INFO 2019-04-06 22:25:49,614 -162	lkj	351	[272, 200]
INFO 2019-04-06 22:25:49,715 -162	lkj	351	[272, 200]
INFO 2019-04-06 22:25:49,740 -162	lkj	351	[272, 200]
INFO 2019-04-06 22:25:49,816 -162	lkj	351	[272, 200]
INFO 2019-04-06 22:25:49,917 -162	lkj	351	[272, 200]
INFO 2019-04-06 22:25:49,943 -162	lkj	351	[272, 200]
INFO 2019-04-06 22:25:50,018 -162	lkj	351	[272, 200]
INFO 2019-04-06 22:25:50,045 -162	lkj	351	[272, 200]
INFO 2019-04-06 22:25:50,118 -162	lkj	351	[272, 200]
INFO 2019-04-06 22:25:50,146 -162	lkj	351	[272, 200]
INFO 2019-04-06 22:25:50,219 -162	lkj	351	[272, 200]
INFO 2019-04-06 22:25:50,249 -162	lkj	351	[272, 200]
INFO 2019-04-06 22:25:50,250 -162	lkj	351	[272, 200]
INFO 2019-04-06 22:25:50,320 -162	lkj	351	[272, 200]
INFO 2019-04-06 22:25:50,351 -162	lkj	351	[272, 200]
INFO 2019-04-06 22:25:50,421 -162	lkj	351	[272, 200]
INFO 2019-04-06 22:25:50,453 -162	lkj	351	[272, 200]
INFO 2019-04-06 22:25:50,522 -162	lkj	351	[272, 200]
INFO 2019-04-06 22:25:50,554 -162	lkj	351	[272, 200]
INFO 2019-04-06 22:25:50,623 -162	lkj	351	[272, 200]
INFO 2019-04-06 22:25:50,656 -162	lkj	351	[272, 200]
INFO 2019-04-06 22:25:50,723 -162	lkj	351	[272, 200]
INFO 2019-04-06 22:25:50,758 -162	lkj	351	[272, 200]
INFO 2019-04-06 22:25:50,824 -162	lkj	351	[272, 200]
INFO 2019-04-06 22:25:50,925 -162	lkj	351	[272, 200]
INFO 2019-04-06 22:25:50,960 -162	lkj	351	[272, 200]
INFO 2019-04-06 22:25:51,026 -162	lkj	351	[272, 200]
INFO 2019-04-06 22:25:51,063 -162	lkj	351	[272, 200]
INFO 2019-04-06 22:25:51,127 -162	lkj	351	[272, 200]
INFO 2019-04-06 22:25:51,228 -162	lkj	351	[272, 200]
INFO 2019-04-06 22:25:51,251 -162	lkj	351	[272, 200]
INFO 2019-04-06 22:25:51,266 -162	lkj	351	[272, 200]
INFO 2019-04-06 22:25:51,328 -162	lkj	351	[272, 200]
INFO 2019-04-06 22:25:51,369 -162	lkj	351	[272, 200]
INFO 2019-04-06 22:25:51,429 -162	lkj	351	[272, 200]
INFO 2019-04-06 22:25:51,471 -162	lkj	351	[272, 200]
INFO 2019-04-06 22:25:51,530 -162	lkj	351	[272, 200]
INFO 2019-04-06 22:25:51,573 -162	lkj	351	[272, 200]
INFO 2019-04-06 22:25:51,631 -162	lkj	351	[272, 200]
INFO 2019-04-06 22:25:51,676 -162	lkj	351	[272, 200]
INFO 2019-04-06 22:25:51,732 -162	lkj	351	[272, 200]
INFO 2019-04-06 22:25:51,778 -162	lkj	351	[272, 200]
INFO 2019-04-06 22:25:51,832 -162	lkj	351	[272, 200]
INFO 2019-04-06 22:25:51,933 -162	lkj	351	[272, 200]
INFO 2019-04-06 22:25:51,979 -162	lkj	351	[272, 200]
INFO 2019-04-06 22:25:52,033 -162	lkj	351	[272, 200]
INFO 2019-04-06 22:25:52,081 -162	lkj	351	[272, 200]
INFO 2019-04-06 22:25:52,134 -162	lkj	351	[272, 200]
INFO 2019-04-06 22:25:52,182 -162	lkj	351	[272, 200]
INFO 2019-04-06 22:25:52,235 -162	lkj	351	[272, 200]
INFO 2019-04-06 22:25:52,252 -162	lkj	351	[272, 200]
INFO 2019-04-06 22:25:52,283 -162	lkj	351	[272, 200]
INFO 2019-04-06 22:25:52,336 -162	lkj	351	[272, 200]
INFO 2019-04-06 22:25:52,385 -162	lkj	351	[272, 200]
INFO 2019-04-06 22:25:52,436 -162	lkj	351	[272, 200]
INFO 2019-04-06 22:25:52,486 -162	lkj	351	[272, 200]
INFO 2019-04-06 22:25:52,537 -162	lkj	351	[272, 200]
INFO 2019-04-06 22:25:52,587 -162	lkj	351	[272, 200]
INFO 2019-04-06 22:25:52,638 -162	lkj	351	[272, 200]
INFO 2019-04-06 22:25:52,690 -162	lkj	351	[272, 200]
INFO 2019-04-06 22:25:52,739 -162	lkj	351	[272, 200]
INFO 2019-04-06 22:25:52,815 -162	lkj	351	[272, 200]
INFO 2019-04-06 22:25:52,839 -162	lkj	351	[272, 200]
INFO 2019-04-06 22:25:52,940 -162	lkj	351	[272, 200]
INFO 2019-04-06 22:25:52,995 -162	lkj	351	[272, 200]
INFO 2019-04-06 22:25:53,041 -162	lkj	351	[272, 200]
INFO 2019-04-06 22:25:53,125 -162	lkj	351	[272, 200]
INFO 2019-04-06 22:25:53,142 -162	lkj	351	[272, 200]
INFO 2019-04-06 22:25:53,243 -162	lkj	351	[272, 200]
INFO 2019-04-06 22:25:53,252 -162	lkj	351	[272, 200]
INFO 2019-04-06 22:25:53,297 -162	lkj	351	[272, 200]
INFO 2019-04-06 22:25:53,343 -162	lkj	351	[272, 200]
INFO 2019-04-06 22:25:53,399 -162	lkj	351	[272, 200]
INFO 2019-04-06 22:25:53,444 -162	lkj	351	[272, 200]
INFO 2019-04-06 22:25:53,502 -162	lkj	351	[272, 200]
INFO 2019-04-06 22:25:53,545 -162	lkj	351	[272, 200]
INFO 2019-04-06 22:25:53,646 -162	lkj	351	[272, 200]
INFO 2019-04-06 22:25:53,655 -162	lkj	351	[272, 200]
INFO 2019-04-06 22:25:53,746 -162	lkj	351	[272, 200]
INFO 2019-04-06 22:25:53,759 -162	lkj	351	[272, 200]
INFO 2019-04-06 22:25:53,847 -162	lkj	351	[272, 200]
INFO 2019-04-06 22:25:53,863 -162	lkj	351	[272, 200]
INFO 2019-04-06 22:25:53,948 -162	lkj	351	[272, 200]
INFO 2019-04-06 22:25:54,011 -162	lkj	351	[272, 200]
INFO 2019-04-06 22:25:54,049 -162	lkj	351	[272, 200]
INFO 2019-04-06 22:25:54,112 -162	lkj	351	[272, 200]
INFO 2019-04-06 22:25:54,150 -162	lkj	351	[272, 200]
INFO 2019-04-06 22:25:54,214 -162	lkj	351	[272, 200]
INFO 2019-04-06 22:25:54,250 -162	lkj	351	[272, 200]
INFO 2019-04-06 22:25:54,253 -162	lkj	351	[272, 200]
INFO 2019-04-06 22:25:54,316 -162	lkj	351	[272, 200]
INFO 2019-04-06 22:25:54,351 -162	lkj	351	[272, 200]
INFO 2019-04-06 22:25:54,418 -162	lkj	351	[272, 200]
INFO 2019-04-06 22:25:54,452 -162	lkj	351	[272, 200]
INFO 2019-04-06 22:25:54,520 -162	lkj	351	[272, 200]
INFO 2019-04-06 22:25:54,553 -162	lkj	351	[272, 200]
INFO 2019-04-06 22:25:54,622 -162	lkj	351	[272, 200]
INFO 2019-04-06 22:25:54,653 -162	lkj	351	[272, 200]
INFO 2019-04-06 22:25:54,723 -162	lkj	351	[272, 200]
INFO 2019-04-06 22:25:54,754 -162	lkj	351	[272, 200]
INFO 2019-04-06 22:25:54,825 -162	lkj	351	[272, 200]
INFO 2019-04-06 22:25:54,855 -162	lkj	351	[272, 200]
INFO 2019-04-06 22:25:54,927 -162	lkj	351	[272, 200]
INFO 2019-04-06 22:25:54,956 -162	lkj	351	[272, 200]
INFO 2019-04-06 22:25:55,029 -162	lkj	351	[272, 200]
INFO 2019-04-06 22:25:55,056 -162	lkj	351	[272, 200]
INFO 2019-04-06 22:25:55,157 -162	lkj	351	[272, 200]
INFO 2019-04-06 22:25:55,254 -162	lkj	351	[272, 200]
INFO 2019-04-06 22:25:55,258 -162	lkj	351	[272, 200]
INFO 2019-04-06 22:25:55,359 -162	lkj	351	[272, 200]
INFO 2019-04-06 22:25:55,460 -162	lkj	351	[272, 200]
INFO 2019-04-06 22:25:55,561 -162	lkj	351	[272, 200]
INFO 2019-04-06 22:25:55,662 -162	lkj	351	[272, 200]
INFO 2019-04-06 22:25:55,762 -162	lkj	351	[272, 200]
INFO 2019-04-06 22:25:55,863 -162	lkj	351	[272, 200]
INFO 2019-04-06 22:25:55,964 -162	lkj	351	[272, 200]
INFO 2019-04-06 22:25:56,065 -162	lkj	351	[272, 200]
INFO 2019-04-06 22:25:56,166 -162	lkj	351	[272, 200]
INFO 2019-04-06 22:25:56,255 -162	lkj	351	[272, 200]
INFO 2019-04-06 22:25:56,267 -162	lkj	351	[272, 200]
INFO 2019-04-06 22:25:56,368 -162	lkj	351	[272, 200]
INFO 2019-04-06 22:25:56,468 -162	lkj	351	[272, 200]
INFO 2019-04-06 22:25:56,569 -162	lkj	351	[272, 200]
INFO 2019-04-06 22:25:56,670 -162	lkj	351	[272, 200]
INFO 2019-04-06 22:25:56,771 -162	lkj	351	[272, 200]
INFO 2019-04-06 22:25:56,872 -162	lkj	351	[272, 200]
INFO 2019-04-06 22:25:56,973 -162	lkj	351	[272, 200]
INFO 2019-04-06 22:25:57,074 -162	lkj	351	[272, 200]
INFO 2019-04-06 22:25:57,174 -162	lkj	351	[272, 200]
INFO 2019-04-06 22:25:57,256 -162	lkj	351	[272, 200]
INFO 2019-04-06 22:25:57,275 -162	lkj	351	[272, 200]
INFO 2019-04-06 22:25:57,376 -162	lkj	351	[272, 200]
INFO 2019-04-06 22:25:57,477 -162	lkj	351	[272, 200]
INFO 2019-04-06 22:25:57,578 -162	lkj	351	[272, 200]
INFO 2019-04-06 22:25:57,679 -162	lkj	351	[272, 200]
INFO 2019-04-06 22:25:57,780 -162	lkj	351	[272, 200]
INFO 2019-04-06 22:25:57,881 -162	lkj	351	[272, 200]
INFO 2019-04-06 22:25:57,982 -162	lkj	351	[272, 200]
INFO 2019-04-06 22:25:58,082 -162	lkj	351	[272, 200]
INFO 2019-04-06 22:25:58,183 -162	lkj	351	[272, 200]
INFO 2019-04-06 22:25:58,256 -162	lkj	351	[272, 200]
INFO 2019-04-06 22:25:58,284 -162	lkj	351	[272, 200]
INFO 2019-04-06 22:25:58,385 -162	lkj	351	[272, 200]
INFO 2019-04-06 22:25:58,485 -162	lkj	351	[272, 200]
INFO 2019-04-06 22:25:58,586 -162	lkj	351	[272, 200]
INFO 2019-04-06 22:25:58,687 -162	lkj	351	[272, 200]
INFO 2019-04-06 22:25:58,788 -162	lkj	351	[272, 200]
INFO 2019-04-06 22:25:58,889 -162	lkj	351	[272, 200]
INFO 2019-04-06 22:25:58,989 -162	lkj	351	[272, 200]
INFO 2019-04-06 22:25:59,090 -162	lkj	351	[272, 200]
INFO 2019-04-06 22:25:59,191 -162	lkj	351	[272, 200]
INFO 2019-04-06 22:25:59,257 -162	lkj	351	[272, 200]
INFO 2019-04-06 22:25:59,292 -162	lkj	351	[272, 200]
INFO 2019-04-06 22:25:59,393 -162	lkj	351	[272, 200]
INFO 2019-04-06 22:25:59,493 -162	lkj	351	[272, 200]
INFO 2019-04-06 22:25:59,594 -162	lkj	351	[272, 200]
INFO 2019-04-06 22:25:59,695 -162	lkj	351	[272, 200]
INFO 2019-04-06 22:25:59,796 -162	lkj	351	[272, 200]
INFO 2019-04-06 22:25:59,897 -162	lkj	351	[272, 200]
INFO 2019-04-06 22:25:59,998 -162	lkj	351	[272, 200]
INFO 2019-04-06 22:26:00,098 -162	lkj	351	[272, 200]
INFO 2019-04-06 22:26:00,199 -162	lkj	351	[272, 200]
INFO 2019-04-06 22:26:00,257 -162	lkj	351	[272, 200]
INFO 2019-04-06 22:26:00,300 -162	lkj	351	[272, 200]
INFO 2019-04-06 22:26:00,400 -162	lkj	351	[272, 200]
INFO 2019-04-06 22:26:00,501 -162	lkj	351	[272, 200]
INFO 2019-04-06 22:26:00,602 -162	lkj	351	[272, 200]
INFO 2019-04-06 22:26:00,702 -162	lkj	351	[272, 200]
INFO 2019-04-06 22:26:00,803 -162	lkj	351	[272, 200]
INFO 2019-04-06 22:26:00,904 -162	lkj	351	[272, 200]
INFO 2019-04-06 22:26:01,005 -162	lkj	351	[272, 200]
INFO 2019-04-06 22:26:01,106 -162	lkj	351	[272, 200]
INFO 2019-04-06 22:26:01,206 -162	lkj	351	[272, 200]
INFO 2019-04-06 22:26:01,258 -162	lkj	351	[272, 200]
INFO 2019-04-06 22:26:01,307 -162	lkj	351	[272, 200]
INFO 2019-04-06 22:26:01,408 -162	lkj	351	[272, 200]
INFO 2019-04-06 22:26:01,508 -162	lkj	351	[272, 200]
INFO 2019-04-06 22:26:01,609 -162	lkj	351	[272, 200]
INFO 2019-04-06 22:26:01,710 -162	lkj	351	[272, 200]
INFO 2019-04-06 22:26:01,811 -162	lkj	351	[272, 200]
INFO 2019-04-06 22:26:01,912 -162	lkj	351	[272, 200]
INFO 2019-04-06 22:26:02,013 -162	lkj	351	[272, 200]
INFO 2019-04-06 22:26:02,114 -162	lkj	351	[272, 200]
INFO 2019-04-06 22:26:02,214 -162	lkj	351	[272, 200]
INFO 2019-04-06 22:26:02,258 -162	lkj	351	[272, 200]
INFO 2019-04-06 22:26:02,315 -162	lkj	351	[272, 200]
INFO 2019-04-06 22:26:02,416 -162	lkj	351	[272, 200]
INFO 2019-04-06 22:26:02,517 -162	lkj	351	[272, 200]
INFO 2019-04-06 22:26:02,618 -162	lkj	351	[272, 200]
INFO 2019-04-06 22:26:02,718 -162	lkj	351	[272, 200]
INFO 2019-04-06 22:26:02,819 -162	lkj	351	[272, 200]
INFO 2019-04-06 22:26:02,920 -162	lkj	351	[272, 200]
INFO 2019-04-06 22:26:03,020 -162	lkj	351	[272, 200]
INFO 2019-04-06 22:26:03,121 -162	lkj	351	[272, 200]
INFO 2019-04-06 22:26:03,222 -162	lkj	351	[272, 200]
INFO 2019-04-06 22:26:03,259 -162	lkj	351	[272, 200]
INFO 2019-04-06 22:26:03,322 -162	lkj	351	[272, 200]
INFO 2019-04-06 22:26:03,423 -162	lkj	351	[272, 200]
INFO 2019-04-06 22:26:03,524 -162	lkj	351	[272, 200]
INFO 2019-04-06 22:26:03,625 -162	lkj	351	[272, 200]
